<?xml version="1.0" encoding="UTF-8"?>
<!-- Generated by org.testng.reporters.JUnitXMLReporter -->
<testsuite ignored="0" hostname="DESKTOP-HRT9N47" failures="1" tests="1" name="TrelloTest" time="0.089" errors="0" timestamp="2022-09-20T13:22:05 IST">
  <testcase classname="com.qa.Testlayer.Login_Page" name="Login" time="0.018">
    <failure type="java.lang.NullPointerException" message="Cannot invoke &amp;quot;com.qa.Testbase.LoginPage.enterEmail(String)&amp;quot; because &amp;quot;com.qa.Testlayer.Login_Page.login&amp;quot; is null">
      <![CDATA[java.lang.NullPointerException: Cannot invoke "com.qa.Testbase.LoginPage.enterEmail(String)" because "com.qa.Testlayer.Login_Page.login" is null
at com.qa.Testlayer.Login_Page.Login(Login_Page.java:13)
at java.base/java.util.ArrayList.forEach(ArrayList.java:1511)
... Removed 27 stack frames]]>
    </failure>
  </testcase> <!-- Login -->
</testsuite> <!-- TrelloTest -->
