<?xml version="1.0" encoding="UTF-8"?>
<testng-results ignored="0" total="1" passed="1" failed="0" skipped="0">
  <reporter-output>
  </reporter-output>
  <suite started-at="2022-09-21T12:09:12 IST" name="Default suite" finished-at="2022-09-21T12:09:44 IST" duration-ms="31813">
    <groups>
    </groups>
    <test started-at="2022-09-21T12:09:12 IST" name="Default test" finished-at="2022-09-21T12:09:44 IST" duration-ms="31813">
      <class name="com.qa.Testlayer.Card_DragDrop_Test">
        <test-method is-config="true" signature="setup()[pri:0, instance:com.qa.Testlayer.Card_DragDrop_Test@6aeb35e6]" started-at="2022-09-21T12:09:12 IST" name="setup" finished-at="2022-09-21T12:09:21 IST" duration-ms="8841" status="PASS">
          <reporter-output>
          </reporter-output>
        </test-method> <!-- setup -->
        <test-method signature="dragAndDrop()[pri:1, instance:com.qa.Testlayer.Card_DragDrop_Test@6aeb35e6]" started-at="2022-09-21T12:09:21 IST" name="dragAndDrop" finished-at="2022-09-21T12:09:43 IST" duration-ms="22090" status="PASS">
          <reporter-output>
          </reporter-output>
        </test-method> <!-- dragAndDrop -->
        <test-method is-config="true" signature="tearDown()[pri:0, instance:com.qa.Testlayer.Card_DragDrop_Test@6aeb35e6]" started-at="2022-09-21T12:09:43 IST" name="tearDown" finished-at="2022-09-21T12:09:44 IST" duration-ms="778" status="PASS">
          <reporter-output>
          </reporter-output>
        </test-method> <!-- tearDown -->
      </class> <!-- com.qa.Testlayer.Card_DragDrop_Test -->
    </test> <!-- Default test -->
  </suite> <!-- Default suite -->
</testng-results>
