<?xml version="1.0" encoding="UTF-8"?>
<testng-results ignored="0" total="1" passed="1" failed="0" skipped="0">
  <reporter-output>
  </reporter-output>
  <suite started-at="2022-09-21T00:11:35 IST" name="RegSuite" finished-at="2022-09-21T00:12:05 IST" duration-ms="29930">
    <groups>
    </groups>
    <test started-at="2022-09-21T00:11:35 IST" name="RegTest" finished-at="2022-09-21T00:12:05 IST" duration-ms="29930">
      <class name="com.qa.Testlayer.Card_DragDrop_Test">
        <test-method is-config="true" signature="setup()[pri:0, instance:com.qa.Testlayer.Card_DragDrop_Test@42a48628]" started-at="2022-09-21T00:11:35 IST" name="setup" finished-at="2022-09-21T00:11:45 IST" duration-ms="9710" status="PASS">
          <reporter-output>
          </reporter-output>
        </test-method> <!-- setup -->
        <test-method signature="loginpage()[pri:1, instance:com.qa.Testlayer.Card_DragDrop_Test@42a48628]" started-at="2022-09-21T00:11:45 IST" name="loginpage" finished-at="2022-09-21T00:12:05 IST" duration-ms="20136" status="PASS">
          <reporter-output>
          </reporter-output>
        </test-method> <!-- loginpage -->
      </class> <!-- com.qa.Testlayer.Card_DragDrop_Test -->
    </test> <!-- RegTest -->
  </suite> <!-- RegSuite -->
</testng-results>
